TN:
SF:db.js
FNF:0
FNH:0
DA:5,1
DA:6,1
LF:2
LH:2
BRF:0
BRH:0
end_of_record
TN:
SF:controllers/authController.js
FN:13,(anonymous_0)
FN:18,(anonymous_1)
FN:27,(anonymous_2)
FN:35,(anonymous_3)
FN:49,(anonymous_4)
FN:58,(anonymous_5)
FN:221,(anonymous_6)
FN:292,(anonymous_7)
FN:312,(anonymous_8)
FN:381,(anonymous_9)
FN:409,(anonymous_10)
FN:464,(anonymous_11)
FN:537,(anonymous_12)
FN:605,(anonymous_13)
FN:646,(anonymous_14)
FN:720,(anonymous_15)
FN:760,(anonymous_16)
FN:833,(anonymous_17)
FN:843,(anonymous_18)
FNF:19
FNH:4
FNDA:0,(anonymous_0)
FNDA:0,(anonymous_1)
FNDA:0,(anonymous_2)
FNDA:0,(anonymous_3)
FNDA:0,(anonymous_4)
FNDA:5,(anonymous_5)
FNDA:1,(anonymous_6)
FNDA:0,(anonymous_7)
FNDA:0,(anonymous_8)
FNDA:0,(anonymous_9)
FNDA:0,(anonymous_10)
FNDA:0,(anonymous_11)
FNDA:0,(anonymous_12)
FNDA:0,(anonymous_13)
FNDA:0,(anonymous_14)
FNDA:0,(anonymous_15)
FNDA:0,(anonymous_16)
FNDA:1,(anonymous_17)
FNDA:1,(anonymous_18)
DA:10,1
DA:13,1
DA:14,0
DA:18,1
DA:20,0
DA:21,0
DA:22,0
DA:23,0
DA:27,1
DA:29,0
DA:30,0
DA:31,0
DA:35,1
DA:36,0
DA:49,1
DA:50,0
DA:58,1
DA:59,5
DA:60,5
DA:63,5
DA:64,0
DA:72,5
DA:73,5
DA:74,0
DA:82,5
DA:83,0
DA:91,5
DA:92,0
DA:93,0
DA:94,0
DA:103,5
DA:104,5
DA:105,0
DA:112,5
DA:113,0
DA:121,5
DA:122,5
DA:123,5
DA:126,5
DA:127,5
DA:129,5
DA:131,0
DA:133,0
DA:134,0
DA:141,0
DA:144,0
DA:157,5
DA:158,5
DA:159,0
DA:167,5
DA:168,5
DA:171,5
DA:180,5
DA:182,0
DA:183,0
DA:186,0
DA:189,0
DA:195,0
DA:201,0
DA:203,0
DA:211,5
DA:213,5
DA:221,1
DA:222,1
DA:223,1
DA:226,1
DA:227,0
DA:235,1
DA:237,1
DA:238,1
DA:245,0
DA:248,0
DA:249,0
DA:257,0
DA:258,0
DA:259,0
DA:267,0
DA:268,0
DA:271,0
DA:273,0
DA:282,0
DA:283,0
DA:292,1
DA:293,0
DA:294,0
DA:296,0
DA:298,0
DA:302,0
DA:304,0
DA:305,0
DA:312,1
DA:313,0
DA:314,0
DA:316,0
DA:317,0
DA:323,0
DA:326,0
DA:331,0
DA:332,0
DA:337,0
DA:340,0
DA:342,0
DA:345,0
DA:351,0
DA:356,0
DA:357,0
DA:362,0
DA:365,0
DA:367,0
DA:373,0
DA:374,0
DA:381,1
DA:382,0
DA:383,0
DA:385,0
DA:387,0
DA:388,0
DA:393,0
DA:394,0
DA:396,0
DA:401,0
DA:402,0
DA:409,1
DA:410,0
DA:411,0
DA:412,0
DA:414,0
DA:415,0
DA:421,0
DA:426,0
DA:427,0
DA:432,0
DA:435,0
DA:436,0
DA:437,0
DA:443,0
DA:444,0
DA:447,0
DA:451,0
DA:456,0
DA:457,0
DA:464,1
DA:465,0
DA:466,0
DA:468,0
DA:469,0
DA:475,0
DA:480,0
DA:482,0
DA:487,0
DA:490,0
DA:497,0
DA:505,0
DA:506,0
DA:524,0
DA:529,0
DA:530,0
DA:537,1
DA:538,0
DA:539,0
DA:541,0
DA:542,0
DA:549,0
DA:550,0
DA:552,0
DA:558,0
DA:563,0
DA:564,0
DA:569,0
DA:572,0
DA:573,0
DA:579,0
DA:580,0
DA:583,0
DA:592,0
DA:597,0
DA:598,0
DA:605,1
DA:606,0
DA:607,0
DA:609,0
DA:610,0
DA:616,0
DA:619,0
DA:620,0
DA:627,0
DA:628,0
DA:630,0
DA:632,0
DA:638,0
DA:639,0
DA:646,1
DA:647,0
DA:648,0
DA:650,0
DA:651,0
DA:656,0
DA:657,0
DA:659,0
DA:660,0
DA:666,0
DA:667,0
DA:668,0
DA:674,0
DA:675,0
DA:676,0
DA:682,0
DA:683,0
DA:684,0
DA:686,0
DA:693,0
DA:696,0
DA:697,0
DA:703,0
DA:706,0
DA:712,0
DA:713,0
DA:720,1
DA:721,0
DA:722,0
DA:724,0
DA:725,0
DA:731,0
DA:734,0
DA:735,0
DA:742,0
DA:744,0
DA:746,0
DA:752,0
DA:753,0
DA:760,1
DA:761,0
DA:762,0
DA:764,0
DA:765,0
DA:770,0
DA:771,0
DA:773,0
DA:774,0
DA:780,0
DA:781,0
DA:782,0
DA:788,0
DA:789,0
DA:790,0
DA:796,0
DA:797,0
DA:798,0
DA:800,0
DA:807,0
DA:810,0
DA:811,0
DA:816,0
DA:819,0
DA:825,0
DA:826,0
DA:833,1
DA:834,1
DA:835,1
DA:837,1
DA:838,0
DA:843,1
DA:844,1
DA:845,1
DA:850,0
DA:851,0
LF:266
LH:55
BRDA:43,0,0,0
BRDA:43,0,1,0
BRDA:52,1,0,0
BRDA:52,1,1,0
BRDA:60,2,0,5
BRDA:63,3,0,0
BRDA:63,3,1,5
BRDA:63,4,0,5
BRDA:63,4,1,5
BRDA:66,5,0,0
BRDA:66,5,1,0
BRDA:73,6,0,0
BRDA:73,6,1,5
BRDA:82,7,0,0
BRDA:82,7,1,5
BRDA:91,8,0,0
BRDA:91,8,1,5
BRDA:93,9,0,0
BRDA:93,9,1,0
BRDA:104,10,0,0
BRDA:104,10,1,5
BRDA:112,11,0,0
BRDA:112,11,1,5
BRDA:112,12,0,5
BRDA:112,12,1,5
BRDA:122,13,0,5
BRDA:122,13,1,0
BRDA:123,14,0,5
BRDA:123,14,1,0
BRDA:129,15,0,0
BRDA:129,15,1,5
BRDA:133,16,0,0
BRDA:133,16,1,0
BRDA:150,17,0,0
BRDA:150,17,1,0
BRDA:158,18,0,0
BRDA:158,18,1,5
BRDA:182,19,0,0
BRDA:182,19,1,0
BRDA:182,20,0,0
BRDA:182,20,1,0
BRDA:226,21,0,0
BRDA:226,21,1,1
BRDA:226,22,0,1
BRDA:226,22,1,1
BRDA:237,23,0,1
BRDA:237,23,1,0
BRDA:248,24,0,0
BRDA:248,24,1,0
BRDA:258,25,0,0
BRDA:258,25,1,0
BRDA:296,26,0,0
BRDA:296,26,1,0
BRDA:316,27,0,0
BRDA:316,27,1,0
BRDA:323,28,0,0
BRDA:323,28,1,0
BRDA:331,29,0,0
BRDA:331,29,1,0
BRDA:340,30,0,0
BRDA:340,30,1,0
BRDA:356,31,0,0
BRDA:356,31,1,0
BRDA:387,32,0,0
BRDA:387,32,1,0
BRDA:414,33,0,0
BRDA:414,33,1,0
BRDA:414,34,0,0
BRDA:414,34,1,0
BRDA:426,35,0,0
BRDA:426,35,1,0
BRDA:436,36,0,0
BRDA:436,36,1,0
BRDA:468,37,0,0
BRDA:468,37,1,0
BRDA:480,38,0,0
BRDA:480,38,1,0
BRDA:492,39,0,0
BRDA:492,39,1,0
BRDA:505,40,0,0
BRDA:505,40,1,0
BRDA:509,41,0,0
BRDA:509,41,1,0
BRDA:541,42,0,0
BRDA:541,42,1,0
BRDA:541,43,0,0
BRDA:541,43,1,0
BRDA:550,44,0,0
BRDA:550,44,1,0
BRDA:563,45,0,0
BRDA:563,45,1,0
BRDA:572,46,0,0
BRDA:572,46,1,0
BRDA:609,47,0,0
BRDA:609,47,1,0
BRDA:650,48,0,0
BRDA:650,48,1,0
BRDA:650,49,0,0
BRDA:650,49,1,0
BRDA:659,50,0,0
BRDA:659,50,1,0
BRDA:666,51,0,0
BRDA:666,51,1,0
BRDA:674,52,0,0
BRDA:674,52,1,0
BRDA:682,53,0,0
BRDA:682,53,1,0
BRDA:724,54,0,0
BRDA:724,54,1,0
BRDA:764,55,0,0
BRDA:764,55,1,0
BRDA:764,56,0,0
BRDA:764,56,1,0
BRDA:773,57,0,0
BRDA:773,57,1,0
BRDA:780,58,0,0
BRDA:780,58,1,0
BRDA:788,59,0,0
BRDA:788,59,1,0
BRDA:796,60,0,0
BRDA:796,60,1,0
BRDA:835,61,0,1
BRDA:835,61,1,1
BRDA:837,62,0,0
BRDA:837,62,1,1
BRDA:843,63,0,1
BRDA:843,63,1,1
BRDA:844,64,0,1
BRDA:844,64,1,0
BRF:129
BRH:25
end_of_record
TN:
SF:models/User.js
FNF:0
FNH:0
DA:5,1
LF:1
LH:1
BRF:0
BRH:0
end_of_record
TN:
SF:utils/usernameGenerator.js
FN:16,(anonymous_0)
FN:34,(anonymous_1)
FN:67,(anonymous_2)
FN:75,(anonymous_3)
FN:91,(anonymous_4)
FN:111,(anonymous_5)
FN:168,(anonymous_6)
FNF:7
FNH:1
FNDA:0,(anonymous_0)
FNDA:0,(anonymous_1)
FNDA:0,(anonymous_2)
FNDA:0,(anonymous_3)
FNDA:0,(anonymous_4)
FNDA:0,(anonymous_5)
FNDA:5,(anonymous_6)
DA:17,0
DA:35,0
DA:36,0
DA:38,0
DA:41,0
DA:42,0
DA:46,0
DA:47,0
DA:51,0
DA:52,0
DA:56,0
DA:60,0
DA:61,0
DA:65,0
DA:67,0
DA:76,0
DA:77,0
DA:78,0
DA:80,0
DA:81,0
DA:92,0
DA:93,0
DA:94,0
DA:95,0
DA:100,0
DA:101,0
DA:114,0
DA:116,0
DA:118,0
DA:119,0
DA:122,0
DA:123,0
DA:124,0
DA:125,0
DA:130,0
DA:131,0
DA:139,0
DA:141,0
DA:142,0
DA:149,0
DA:152,0
DA:154,0
DA:169,5
DA:171,5
DA:172,0
DA:175,5
DA:176,0
DA:179,5
DA:180,0
DA:183,5
DA:184,0
DA:187,5
DA:188,0
DA:191,5
LF:54
LH:7
BRDA:41,0,0,0
BRDA:41,0,1,0
BRDA:46,1,0,0
BRDA:46,1,1,0
BRDA:46,2,0,0
BRDA:46,2,1,0
BRDA:51,3,0,0
BRDA:51,3,1,0
BRDA:51,4,0,0
BRDA:51,4,1,0
BRDA:60,5,0,0
BRDA:60,5,1,0
BRDA:91,6,0,0
BRDA:94,7,0,0
BRDA:94,7,1,0
BRDA:111,8,0,0
BRDA:113,9,0,0
BRDA:123,10,0,0
BRDA:123,10,1,0
BRDA:130,11,0,0
BRDA:130,11,1,0
BRDA:139,12,0,0
BRDA:139,12,1,0
BRDA:171,13,0,0
BRDA:171,13,1,5
BRDA:171,14,0,5
BRDA:171,14,1,5
BRDA:175,15,0,0
BRDA:175,15,1,5
BRDA:179,16,0,0
BRDA:179,16,1,5
BRDA:183,17,0,0
BRDA:183,17,1,5
BRDA:183,18,0,5
BRDA:183,18,1,5
BRDA:187,19,0,0
BRDA:187,19,1,5
BRF:37
BRH:9
end_of_record
